{"D:\\DATA LAIN LAIN\\TELKOM TES\\todoApi\\app.js": {"path":"D:\\DATA LAIN LAIN\\TELKOM TES\\todoApi\\app.js","statementMap":{"0":{"start":{"line":1,"column":18},"end":{"line":1,"column":40}},"1":{"start":{"line":2,"column":14},"end":{"line":2,"column":32}},"2":{"start":{"line":3,"column":11},"end":{"line":3,"column":26}},"3":{"start":{"line":4,"column":19},"end":{"line":4,"column":43}},"4":{"start":{"line":5,"column":13},"end":{"line":5,"column":30}},"5":{"start":{"line":6,"column":19},"end":{"line":6,"column":41}},"6":{"start":{"line":7,"column":19},"end":{"line":7,"column":39}},"7":{"start":{"line":9,"column":15},"end":{"line":9,"column":34}},"8":{"start":{"line":11,"column":10},"end":{"line":11,"column":19}},"9":{"start":{"line":13,"column":0},"end":{"line":13,"column":23}},"10":{"start":{"line":15,"column":17},"end":{"line":15,"column":36}},"11":{"start":{"line":16,"column":0},"end":{"line":21,"column":3}},"12":{"start":{"line":23,"column":0},"end":{"line":23,"column":27}},"13":{"start":{"line":24,"column":0},"end":{"line":24,"column":52}},"14":{"start":{"line":26,"column":0},"end":{"line":26,"column":24}},"15":{"start":{"line":27,"column":0},"end":{"line":27,"column":56}},"16":{"start":{"line":28,"column":0},"end":{"line":28,"column":48}},"17":{"start":{"line":28,"column":27},"end":{"line":28,"column":47}},"18":{"start":{"line":30,"column":0},"end":{"line":30,"column":27}},"19":{"start":{"line":33,"column":0},"end":{"line":35,"column":3}},"20":{"start":{"line":34,"column":2},"end":{"line":34,"column":25}},"21":{"start":{"line":49,"column":0},"end":{"line":49,"column":18}},"22":{"start":{"line":51,"column":0},"end":{"line":51,"column":21}}},"fnMap":{"0":{"name":"(anonymous_0)","decl":{"start":{"line":28,"column":13},"end":{"line":28,"column":14}},"loc":{"start":{"line":28,"column":27},"end":{"line":28,"column":47}},"line":28},"1":{"name":"(anonymous_1)","decl":{"start":{"line":33,"column":8},"end":{"line":33,"column":9}},"loc":{"start":{"line":33,"column":33},"end":{"line":35,"column":1}},"line":33}},"branchMap":{},"s":{"0":4,"1":4,"2":4,"3":4,"4":4,"5":4,"6":4,"7":4,"8":4,"9":4,"10":4,"11":4,"12":4,"13":4,"14":4,"15":4,"16":4,"17":1,"18":4,"19":4,"20":0,"21":4,"22":4},"f":{"0":1,"1":0},"b":{},"_coverageSchema":"1a1c01bbd47fc00a2c39e90264f33305004495a9","hash":"93942d0a64b6a94e405f3ea524860123e8e0363f"}
,"D:\\DATA LAIN LAIN\\TELKOM TES\\todoApi\\controller\\AuthController.js": {"path":"D:\\DATA LAIN LAIN\\TELKOM TES\\todoApi\\controller\\AuthController.js","statementMap":{"0":{"start":{"line":1,"column":13},"end":{"line":1,"column":37}},"1":{"start":{"line":2,"column":15},"end":{"line":2,"column":32}},"2":{"start":{"line":3,"column":27},"end":{"line":3,"column":55}},"3":{"start":{"line":6,"column":22},"end":{"line":6,"column":30}},"4":{"start":{"line":7,"column":8},"end":{"line":29,"column":9}},"5":{"start":{"line":8,"column":25},"end":{"line":8,"column":68}},"6":{"start":{"line":9,"column":12},"end":{"line":26,"column":13}},"7":{"start":{"line":10,"column":16},"end":{"line":10,"column":86}},"8":{"start":{"line":13,"column":30},"end":{"line":13,"column":81}},"9":{"start":{"line":14,"column":16},"end":{"line":25,"column":17}},"10":{"start":{"line":15,"column":33},"end":{"line":20,"column":21}},"11":{"start":{"line":21,"column":20},"end":{"line":21,"column":77}},"12":{"start":{"line":24,"column":20},"end":{"line":24,"column":76}},"13":{"start":{"line":28,"column":12},"end":{"line":28,"column":59}},"14":{"start":{"line":33,"column":8},"end":{"line":40,"column":9}},"15":{"start":{"line":34,"column":25},"end":{"line":34,"column":68}},"16":{"start":{"line":35,"column":12},"end":{"line":35,"column":41}},"17":{"start":{"line":36,"column":12},"end":{"line":36,"column":41}},"18":{"start":{"line":37,"column":12},"end":{"line":37,"column":19}},"19":{"start":{"line":39,"column":12},"end":{"line":39,"column":59}},"20":{"start":{"line":44,"column":0},"end":{"line":44,"column":31}}},"fnMap":{"0":{"name":"(anonymous_0)","decl":{"start":{"line":5,"column":4},"end":{"line":5,"column":5}},"loc":{"start":{"line":5,"column":26},"end":{"line":30,"column":5}},"line":5},"1":{"name":"(anonymous_1)","decl":{"start":{"line":32,"column":4},"end":{"line":32,"column":5}},"loc":{"start":{"line":32,"column":36},"end":{"line":41,"column":5}},"line":32}},"branchMap":{"0":{"loc":{"start":{"line":9,"column":12},"end":{"line":26,"column":13}},"type":"if","locations":[{"start":{"line":9,"column":12},"end":{"line":26,"column":13}},{"start":{"line":9,"column":12},"end":{"line":26,"column":13}}],"line":9},"1":{"loc":{"start":{"line":14,"column":16},"end":{"line":25,"column":17}},"type":"if","locations":[{"start":{"line":14,"column":16},"end":{"line":25,"column":17}},{"start":{"line":14,"column":16},"end":{"line":25,"column":17}}],"line":14}},"s":{"0":4,"1":4,"2":4,"3":6,"4":6,"5":6,"6":6,"7":1,"8":5,"9":5,"10":4,"11":4,"12":1,"13":0,"14":16,"15":16,"16":16,"17":16,"18":16,"19":0,"20":4},"f":{"0":6,"1":16},"b":{"0":[1,5],"1":[4,1]},"_coverageSchema":"1a1c01bbd47fc00a2c39e90264f33305004495a9","hash":"d7eb7f60a8d4f1e183f9aab87ccd20b2c982a175"}
,"D:\\DATA LAIN LAIN\\TELKOM TES\\todoApi\\controller\\TodoController.js": {"path":"D:\\DATA LAIN LAIN\\TELKOM TES\\todoApi\\controller\\TodoController.js","statementMap":{"0":{"start":{"line":1,"column":13},"end":{"line":1,"column":37}},"1":{"start":{"line":4,"column":22},"end":{"line":4,"column":30}},"2":{"start":{"line":5,"column":8},"end":{"line":10,"column":9}},"3":{"start":{"line":6,"column":25},"end":{"line":6,"column":55}},"4":{"start":{"line":7,"column":12},"end":{"line":7,"column":81}},"5":{"start":{"line":9,"column":12},"end":{"line":9,"column":59}},"6":{"start":{"line":14,"column":22},"end":{"line":14,"column":30}},"7":{"start":{"line":15,"column":8},"end":{"line":23,"column":9}},"8":{"start":{"line":16,"column":25},"end":{"line":16,"column":66}},"9":{"start":{"line":17,"column":12},"end":{"line":19,"column":13}},"10":{"start":{"line":18,"column":16},"end":{"line":18,"column":75}},"11":{"start":{"line":20,"column":12},"end":{"line":20,"column":100}},"12":{"start":{"line":22,"column":12},"end":{"line":22,"column":59}},"13":{"start":{"line":27,"column":22},"end":{"line":27,"column":30}},"14":{"start":{"line":28,"column":8},"end":{"line":40,"column":9}},"15":{"start":{"line":29,"column":29},"end":{"line":29,"column":70}},"16":{"start":{"line":30,"column":12},"end":{"line":32,"column":13}},"17":{"start":{"line":31,"column":16},"end":{"line":31,"column":75}},"18":{"start":{"line":33,"column":25},"end":{"line":33,"column":89}},"19":{"start":{"line":34,"column":12},"end":{"line":36,"column":13}},"20":{"start":{"line":35,"column":16},"end":{"line":35,"column":91}},"21":{"start":{"line":37,"column":12},"end":{"line":37,"column":100}},"22":{"start":{"line":39,"column":12},"end":{"line":39,"column":59}},"23":{"start":{"line":44,"column":53},"end":{"line":44,"column":61}},"24":{"start":{"line":45,"column":8},"end":{"line":58,"column":9}},"25":{"start":{"line":46,"column":29},"end":{"line":46,"column":70}},"26":{"start":{"line":47,"column":12},"end":{"line":49,"column":13}},"27":{"start":{"line":48,"column":16},"end":{"line":48,"column":75}},"28":{"start":{"line":50,"column":27},"end":{"line":50,"column":116}},"29":{"start":{"line":51,"column":12},"end":{"line":53,"column":13}},"30":{"start":{"line":52,"column":16},"end":{"line":52,"column":95}},"31":{"start":{"line":54,"column":25},"end":{"line":54,"column":81}},"32":{"start":{"line":55,"column":12},"end":{"line":55,"column":93}},"33":{"start":{"line":57,"column":12},"end":{"line":57,"column":59}},"34":{"start":{"line":62,"column":22},"end":{"line":62,"column":30}},"35":{"start":{"line":63,"column":8},"end":{"line":75,"column":9}},"36":{"start":{"line":64,"column":29},"end":{"line":64,"column":70}},"37":{"start":{"line":65,"column":12},"end":{"line":67,"column":13}},"38":{"start":{"line":66,"column":16},"end":{"line":66,"column":75}},"39":{"start":{"line":68,"column":25},"end":{"line":68,"column":98}},"40":{"start":{"line":69,"column":12},"end":{"line":71,"column":13}},"41":{"start":{"line":70,"column":16},"end":{"line":70,"column":95}},"42":{"start":{"line":72,"column":12},"end":{"line":72,"column":68}},"43":{"start":{"line":74,"column":12},"end":{"line":74,"column":59}},"44":{"start":{"line":79,"column":0},"end":{"line":79,"column":31}}},"fnMap":{"0":{"name":"(anonymous_0)","decl":{"start":{"line":3,"column":4},"end":{"line":3,"column":5}},"loc":{"start":{"line":3,"column":29},"end":{"line":11,"column":5}},"line":3},"1":{"name":"(anonymous_1)","decl":{"start":{"line":13,"column":4},"end":{"line":13,"column":5}},"loc":{"start":{"line":13,"column":29},"end":{"line":24,"column":5}},"line":13},"2":{"name":"(anonymous_2)","decl":{"start":{"line":26,"column":4},"end":{"line":26,"column":5}},"loc":{"start":{"line":26,"column":29},"end":{"line":41,"column":5}},"line":26},"3":{"name":"(anonymous_3)","decl":{"start":{"line":43,"column":4},"end":{"line":43,"column":5}},"loc":{"start":{"line":43,"column":29},"end":{"line":59,"column":5}},"line":43},"4":{"name":"(anonymous_4)","decl":{"start":{"line":61,"column":4},"end":{"line":61,"column":5}},"loc":{"start":{"line":61,"column":29},"end":{"line":76,"column":5}},"line":61}},"branchMap":{"0":{"loc":{"start":{"line":17,"column":12},"end":{"line":19,"column":13}},"type":"if","locations":[{"start":{"line":17,"column":12},"end":{"line":19,"column":13}},{"start":{"line":17,"column":12},"end":{"line":19,"column":13}}],"line":17},"1":{"loc":{"start":{"line":30,"column":12},"end":{"line":32,"column":13}},"type":"if","locations":[{"start":{"line":30,"column":12},"end":{"line":32,"column":13}},{"start":{"line":30,"column":12},"end":{"line":32,"column":13}}],"line":30},"2":{"loc":{"start":{"line":34,"column":12},"end":{"line":36,"column":13}},"type":"if","locations":[{"start":{"line":34,"column":12},"end":{"line":36,"column":13}},{"start":{"line":34,"column":12},"end":{"line":36,"column":13}}],"line":34},"3":{"loc":{"start":{"line":47,"column":12},"end":{"line":49,"column":13}},"type":"if","locations":[{"start":{"line":47,"column":12},"end":{"line":49,"column":13}},{"start":{"line":47,"column":12},"end":{"line":49,"column":13}}],"line":47},"4":{"loc":{"start":{"line":51,"column":12},"end":{"line":53,"column":13}},"type":"if","locations":[{"start":{"line":51,"column":12},"end":{"line":53,"column":13}},{"start":{"line":51,"column":12},"end":{"line":53,"column":13}}],"line":51},"5":{"loc":{"start":{"line":65,"column":12},"end":{"line":67,"column":13}},"type":"if","locations":[{"start":{"line":65,"column":12},"end":{"line":67,"column":13}},{"start":{"line":65,"column":12},"end":{"line":67,"column":13}}],"line":65},"6":{"loc":{"start":{"line":69,"column":12},"end":{"line":71,"column":13}},"type":"if","locations":[{"start":{"line":69,"column":12},"end":{"line":71,"column":13}},{"start":{"line":69,"column":12},"end":{"line":71,"column":13}}],"line":69}},"s":{"0":4,"1":2,"2":2,"3":2,"4":2,"5":0,"6":2,"7":2,"8":2,"9":2,"10":0,"11":2,"12":0,"13":4,"14":4,"15":4,"16":3,"17":1,"18":2,"19":2,"20":1,"21":1,"22":1,"23":4,"24":4,"25":4,"26":3,"27":1,"28":2,"29":2,"30":1,"31":1,"32":1,"33":1,"34":4,"35":4,"36":4,"37":3,"38":1,"39":2,"40":2,"41":1,"42":1,"43":1,"44":4},"f":{"0":2,"1":2,"2":4,"3":4,"4":4},"b":{"0":[0,2],"1":[1,2],"2":[1,1],"3":[1,2],"4":[1,1],"5":[1,2],"6":[1,1]},"_coverageSchema":"1a1c01bbd47fc00a2c39e90264f33305004495a9","hash":"29a929ef716bec512a113bd23b7988e2801606ff"}
,"D:\\DATA LAIN LAIN\\TELKOM TES\\todoApi\\controller\\UserController.js": {"path":"D:\\DATA LAIN LAIN\\TELKOM TES\\todoApi\\controller\\UserController.js","statementMap":{"0":{"start":{"line":1,"column":15},"end":{"line":1,"column":32}},"1":{"start":{"line":2,"column":19},"end":{"line":2,"column":21}},"2":{"start":{"line":3,"column":13},"end":{"line":3,"column":37}},"3":{"start":{"line":6,"column":22},"end":{"line":6,"column":30}},"4":{"start":{"line":7,"column":8},"end":{"line":25,"column":9}},"5":{"start":{"line":8,"column":25},"end":{"line":8,"column":68}},"6":{"start":{"line":9,"column":12},"end":{"line":12,"column":13}},"7":{"start":{"line":10,"column":16},"end":{"line":10,"column":91}},"8":{"start":{"line":11,"column":16},"end":{"line":11,"column":23}},"9":{"start":{"line":14,"column":23},"end":{"line":14,"column":68}},"10":{"start":{"line":15,"column":12},"end":{"line":21,"column":13}},"11":{"start":{"line":16,"column":16},"end":{"line":16,"column":37}},"12":{"start":{"line":17,"column":29},"end":{"line":17,"column":59}},"13":{"start":{"line":18,"column":16},"end":{"line":18,"column":85}},"14":{"start":{"line":20,"column":16},"end":{"line":20,"column":78}},"15":{"start":{"line":24,"column":12},"end":{"line":24,"column":59}},"16":{"start":{"line":29,"column":8},"end":{"line":34,"column":9}},"17":{"start":{"line":30,"column":25},"end":{"line":30,"column":42}},"18":{"start":{"line":31,"column":12},"end":{"line":31,"column":86}},"19":{"start":{"line":33,"column":12},"end":{"line":33,"column":59}},"20":{"start":{"line":38,"column":8},"end":{"line":49,"column":9}},"21":{"start":{"line":39,"column":25},"end":{"line":39,"column":67}},"22":{"start":{"line":40,"column":12},"end":{"line":42,"column":13}},"23":{"start":{"line":41,"column":16},"end":{"line":41,"column":75}},"24":{"start":{"line":43,"column":12},"end":{"line":45,"column":13}},"25":{"start":{"line":44,"column":16},"end":{"line":44,"column":91}},"26":{"start":{"line":46,"column":12},"end":{"line":46,"column":86}},"27":{"start":{"line":48,"column":12},"end":{"line":48,"column":59}},"28":{"start":{"line":53,"column":25},"end":{"line":53,"column":33}},"29":{"start":{"line":54,"column":8},"end":{"line":67,"column":9}},"30":{"start":{"line":55,"column":29},"end":{"line":55,"column":70}},"31":{"start":{"line":56,"column":12},"end":{"line":58,"column":13}},"32":{"start":{"line":57,"column":16},"end":{"line":57,"column":75}},"33":{"start":{"line":59,"column":12},"end":{"line":61,"column":13}},"34":{"start":{"line":60,"column":16},"end":{"line":60,"column":94}},"35":{"start":{"line":62,"column":12},"end":{"line":62,"column":72}},"36":{"start":{"line":63,"column":25},"end":{"line":63,"column":65}},"37":{"start":{"line":64,"column":12},"end":{"line":64,"column":93}},"38":{"start":{"line":66,"column":12},"end":{"line":66,"column":59}},"39":{"start":{"line":71,"column":53},"end":{"line":71,"column":61}},"40":{"start":{"line":72,"column":8},"end":{"line":92,"column":9}},"41":{"start":{"line":73,"column":29},"end":{"line":73,"column":70}},"42":{"start":{"line":74,"column":12},"end":{"line":76,"column":13}},"43":{"start":{"line":75,"column":16},"end":{"line":75,"column":75}},"44":{"start":{"line":77,"column":12},"end":{"line":79,"column":13}},"45":{"start":{"line":78,"column":16},"end":{"line":78,"column":94}},"46":{"start":{"line":80,"column":26},"end":{"line":80,"column":78}},"47":{"start":{"line":81,"column":12},"end":{"line":89,"column":13}},"48":{"start":{"line":83,"column":27},"end":{"line":83,"column":69}},"49":{"start":{"line":84,"column":16},"end":{"line":84,"column":32}},"50":{"start":{"line":85,"column":16},"end":{"line":85,"column":79}},"51":{"start":{"line":86,"column":16},"end":{"line":86,"column":83}},"52":{"start":{"line":88,"column":16},"end":{"line":88,"column":76}},"53":{"start":{"line":91,"column":12},"end":{"line":91,"column":59}},"54":{"start":{"line":97,"column":0},"end":{"line":97,"column":31}}},"fnMap":{"0":{"name":"(anonymous_0)","decl":{"start":{"line":5,"column":4},"end":{"line":5,"column":5}},"loc":{"start":{"line":5,"column":29},"end":{"line":26,"column":5}},"line":5},"1":{"name":"(anonymous_1)","decl":{"start":{"line":28,"column":4},"end":{"line":28,"column":5}},"loc":{"start":{"line":28,"column":29},"end":{"line":35,"column":5}},"line":28},"2":{"name":"(anonymous_2)","decl":{"start":{"line":37,"column":4},"end":{"line":37,"column":5}},"loc":{"start":{"line":37,"column":29},"end":{"line":50,"column":5}},"line":37},"3":{"name":"(anonymous_3)","decl":{"start":{"line":52,"column":4},"end":{"line":52,"column":5}},"loc":{"start":{"line":52,"column":29},"end":{"line":68,"column":5}},"line":52},"4":{"name":"(anonymous_4)","decl":{"start":{"line":70,"column":4},"end":{"line":70,"column":5}},"loc":{"start":{"line":70,"column":37},"end":{"line":93,"column":5}},"line":70}},"branchMap":{"0":{"loc":{"start":{"line":9,"column":12},"end":{"line":12,"column":13}},"type":"if","locations":[{"start":{"line":9,"column":12},"end":{"line":12,"column":13}},{"start":{"line":9,"column":12},"end":{"line":12,"column":13}}],"line":9},"1":{"loc":{"start":{"line":15,"column":12},"end":{"line":21,"column":13}},"type":"if","locations":[{"start":{"line":15,"column":12},"end":{"line":21,"column":13}},{"start":{"line":15,"column":12},"end":{"line":21,"column":13}}],"line":15},"2":{"loc":{"start":{"line":40,"column":12},"end":{"line":42,"column":13}},"type":"if","locations":[{"start":{"line":40,"column":12},"end":{"line":42,"column":13}},{"start":{"line":40,"column":12},"end":{"line":42,"column":13}}],"line":40},"3":{"loc":{"start":{"line":43,"column":12},"end":{"line":45,"column":13}},"type":"if","locations":[{"start":{"line":43,"column":12},"end":{"line":45,"column":13}},{"start":{"line":43,"column":12},"end":{"line":45,"column":13}}],"line":43},"4":{"loc":{"start":{"line":56,"column":12},"end":{"line":58,"column":13}},"type":"if","locations":[{"start":{"line":56,"column":12},"end":{"line":58,"column":13}},{"start":{"line":56,"column":12},"end":{"line":58,"column":13}}],"line":56},"5":{"loc":{"start":{"line":59,"column":12},"end":{"line":61,"column":13}},"type":"if","locations":[{"start":{"line":59,"column":12},"end":{"line":61,"column":13}},{"start":{"line":59,"column":12},"end":{"line":61,"column":13}}],"line":59},"6":{"loc":{"start":{"line":74,"column":12},"end":{"line":76,"column":13}},"type":"if","locations":[{"start":{"line":74,"column":12},"end":{"line":76,"column":13}},{"start":{"line":74,"column":12},"end":{"line":76,"column":13}}],"line":74},"7":{"loc":{"start":{"line":77,"column":12},"end":{"line":79,"column":13}},"type":"if","locations":[{"start":{"line":77,"column":12},"end":{"line":79,"column":13}},{"start":{"line":77,"column":12},"end":{"line":79,"column":13}}],"line":77},"8":{"loc":{"start":{"line":81,"column":12},"end":{"line":89,"column":13}},"type":"if","locations":[{"start":{"line":81,"column":12},"end":{"line":89,"column":13}},{"start":{"line":81,"column":12},"end":{"line":89,"column":13}}],"line":81}},"s":{"0":4,"1":4,"2":4,"3":9,"4":9,"5":9,"6":9,"7":1,"8":1,"9":8,"10":8,"11":8,"12":8,"13":8,"14":0,"15":0,"16":2,"17":2,"18":2,"19":0,"20":4,"21":4,"22":3,"23":1,"24":2,"25":1,"26":1,"27":1,"28":4,"29":4,"30":4,"31":3,"32":1,"33":2,"34":1,"35":1,"36":1,"37":1,"38":1,"39":5,"40":5,"41":5,"42":4,"43":1,"44":3,"45":1,"46":2,"47":2,"48":1,"49":1,"50":1,"51":1,"52":1,"53":1,"54":4},"f":{"0":9,"1":2,"2":4,"3":4,"4":5},"b":{"0":[1,8],"1":[8,0],"2":[1,2],"3":[1,1],"4":[1,2],"5":[1,1],"6":[1,3],"7":[1,2],"8":[1,1]},"_coverageSchema":"1a1c01bbd47fc00a2c39e90264f33305004495a9","hash":"75c8e9df6fe5f788dbb008376de8944233adaa1e"}
,"D:\\DATA LAIN LAIN\\TELKOM TES\\todoApi\\helper\\jwtUtil.js": {"path":"D:\\DATA LAIN LAIN\\TELKOM TES\\todoApi\\helper\\jwtUtil.js","statementMap":{"0":{"start":{"line":1,"column":12},"end":{"line":1,"column":35}},"1":{"start":{"line":2,"column":15},"end":{"line":2,"column":24}},"2":{"start":{"line":4,"column":18},"end":{"line":13,"column":1}},"3":{"start":{"line":5,"column":4},"end":{"line":12,"column":5}},"4":{"start":{"line":6,"column":22},"end":{"line":6,"column":47}},"5":{"start":{"line":8,"column":8},"end":{"line":8,"column":40}},"6":{"start":{"line":9,"column":8},"end":{"line":9,"column":19}},"7":{"start":{"line":11,"column":8},"end":{"line":11,"column":20}},"8":{"start":{"line":15,"column":23},"end":{"line":20,"column":1}},"9":{"start":{"line":16,"column":18},"end":{"line":16,"column":23}},"10":{"start":{"line":17,"column":4},"end":{"line":19,"column":39}},"11":{"start":{"line":22,"column":0},"end":{"line":22,"column":46}}},"fnMap":{"0":{"name":"(anonymous_0)","decl":{"start":{"line":4,"column":18},"end":{"line":4,"column":19}},"loc":{"start":{"line":4,"column":34},"end":{"line":13,"column":1}},"line":4},"1":{"name":"(anonymous_1)","decl":{"start":{"line":15,"column":23},"end":{"line":15,"column":24}},"loc":{"start":{"line":15,"column":31},"end":{"line":20,"column":1}},"line":15}},"branchMap":{},"s":{"0":4,"1":4,"2":4,"3":32,"4":32,"5":31,"6":31,"7":1,"8":4,"9":4,"10":4,"11":4},"f":{"0":32,"1":4},"b":{},"_coverageSchema":"1a1c01bbd47fc00a2c39e90264f33305004495a9","hash":"0a12a31b77b96f4bee6a7fbee3ebeaa0b2ae976a"}
,"D:\\DATA LAIN LAIN\\TELKOM TES\\todoApi\\middleware\\RequestFilter.js": {"path":"D:\\DATA LAIN LAIN\\TELKOM TES\\todoApi\\middleware\\RequestFilter.js","statementMap":{"0":{"start":{"line":1,"column":22},"end":{"line":1,"column":50}},"1":{"start":{"line":2,"column":13},"end":{"line":2,"column":37}},"2":{"start":{"line":4,"column":17},"end":{"line":6,"column":1}},"3":{"start":{"line":5,"column":4},"end":{"line":5,"column":41}},"4":{"start":{"line":9,"column":18},"end":{"line":32,"column":1}},"5":{"start":{"line":11,"column":4},"end":{"line":15,"column":5}},"6":{"start":{"line":12,"column":8},"end":{"line":12,"column":51}},"7":{"start":{"line":13,"column":11},"end":{"line":15,"column":5}},"8":{"start":{"line":14,"column":8},"end":{"line":14,"column":31}},"9":{"start":{"line":17,"column":4},"end":{"line":31,"column":5}},"10":{"start":{"line":18,"column":8},"end":{"line":28,"column":9}},"11":{"start":{"line":19,"column":27},"end":{"line":19,"column":41}},"12":{"start":{"line":20,"column":28},"end":{"line":20,"column":60}},"13":{"start":{"line":21,"column":12},"end":{"line":25,"column":13}},"14":{"start":{"line":22,"column":16},"end":{"line":22,"column":81}},"15":{"start":{"line":24,"column":16},"end":{"line":24,"column":22}},"16":{"start":{"line":27,"column":12},"end":{"line":27,"column":68}},"17":{"start":{"line":30,"column":8},"end":{"line":30,"column":62}},"18":{"start":{"line":34,"column":0},"end":{"line":34,"column":30}}},"fnMap":{"0":{"name":"(anonymous_0)","decl":{"start":{"line":4,"column":17},"end":{"line":4,"column":18}},"loc":{"start":{"line":4,"column":29},"end":{"line":6,"column":1}},"line":4},"1":{"name":"(anonymous_1)","decl":{"start":{"line":9,"column":18},"end":{"line":9,"column":19}},"loc":{"start":{"line":9,"column":44},"end":{"line":32,"column":1}},"line":9}},"branchMap":{"0":{"loc":{"start":{"line":11,"column":4},"end":{"line":15,"column":5}},"type":"if","locations":[{"start":{"line":11,"column":4},"end":{"line":15,"column":5}},{"start":{"line":11,"column":4},"end":{"line":15,"column":5}}],"line":11},"1":{"loc":{"start":{"line":13,"column":11},"end":{"line":15,"column":5}},"type":"if","locations":[{"start":{"line":13,"column":11},"end":{"line":15,"column":5}},{"start":{"line":13,"column":11},"end":{"line":15,"column":5}}],"line":13},"2":{"loc":{"start":{"line":17,"column":4},"end":{"line":31,"column":5}},"type":"if","locations":[{"start":{"line":17,"column":4},"end":{"line":31,"column":5}},{"start":{"line":17,"column":4},"end":{"line":31,"column":5}}],"line":17},"3":{"loc":{"start":{"line":18,"column":8},"end":{"line":28,"column":9}},"type":"if","locations":[{"start":{"line":18,"column":8},"end":{"line":28,"column":9}},{"start":{"line":18,"column":8},"end":{"line":28,"column":9}}],"line":18},"4":{"loc":{"start":{"line":21,"column":12},"end":{"line":25,"column":13}},"type":"if","locations":[{"start":{"line":21,"column":12},"end":{"line":25,"column":13}},{"start":{"line":21,"column":12},"end":{"line":25,"column":13}}],"line":21}},"s":{"0":4,"1":4,"2":4,"3":32,"4":4,"5":33,"6":32,"7":1,"8":0,"9":33,"10":32,"11":31,"12":31,"13":31,"14":0,"15":31,"16":1,"17":1,"18":4},"f":{"0":32,"1":33},"b":{"0":[32,1],"1":[0,1],"2":[32,1],"3":[31,1],"4":[0,31]},"_coverageSchema":"1a1c01bbd47fc00a2c39e90264f33305004495a9","hash":"4f3b1d8041ecbe980602f2c854986f97daa1cf62"}
,"D:\\DATA LAIN LAIN\\TELKOM TES\\todoApi\\model\\Todo.js": {"path":"D:\\DATA LAIN LAIN\\TELKOM TES\\todoApi\\model\\Todo.js","statementMap":{"0":{"start":{"line":1,"column":17},"end":{"line":1,"column":36}},"1":{"start":{"line":2,"column":19},"end":{"line":2,"column":34}},"2":{"start":{"line":3,"column":19},"end":{"line":3,"column":27}},"3":{"start":{"line":5,"column":19},"end":{"line":28,"column":2}},"4":{"start":{"line":30,"column":0},"end":{"line":30,"column":52}}},"fnMap":{},"branchMap":{},"s":{"0":4,"1":4,"2":4,"3":4,"4":4},"f":{},"b":{},"_coverageSchema":"1a1c01bbd47fc00a2c39e90264f33305004495a9","hash":"a2a8d543ecac2138b8ccac69d6993549747ee78a"}
,"D:\\DATA LAIN LAIN\\TELKOM TES\\todoApi\\model\\User.js": {"path":"D:\\DATA LAIN LAIN\\TELKOM TES\\todoApi\\model\\User.js","statementMap":{"0":{"start":{"line":1,"column":17},"end":{"line":1,"column":36}},"1":{"start":{"line":3,"column":19},"end":{"line":3,"column":27}},"2":{"start":{"line":5,"column":19},"end":{"line":18,"column":2}},"3":{"start":{"line":20,"column":0},"end":{"line":20,"column":52}}},"fnMap":{},"branchMap":{},"s":{"0":4,"1":4,"2":4,"3":4},"f":{},"b":{},"_coverageSchema":"1a1c01bbd47fc00a2c39e90264f33305004495a9","hash":"a2664367dd4f2b7bf1a854f73b0a29dd69e226c5"}
,"D:\\DATA LAIN LAIN\\TELKOM TES\\todoApi\\routes\\TodoRouter.js": {"path":"D:\\DATA LAIN LAIN\\TELKOM TES\\todoApi\\routes\\TodoRouter.js","statementMap":{"0":{"start":{"line":1,"column":16},"end":{"line":1,"column":34}},"1":{"start":{"line":2,"column":15},"end":{"line":2,"column":31}},"2":{"start":{"line":3,"column":23},"end":{"line":3,"column":62}},"3":{"start":{"line":4,"column":23},"end":{"line":4,"column":62}},"4":{"start":{"line":5,"column":22},"end":{"line":5,"column":60}},"5":{"start":{"line":6,"column":22},"end":{"line":6,"column":42}},"6":{"start":{"line":7,"column":107},"end":{"line":7,"column":138}},"7":{"start":{"line":9,"column":13},"end":{"line":9,"column":33}},"8":{"start":{"line":10,"column":13},"end":{"line":10,"column":33}},"9":{"start":{"line":13,"column":0},"end":{"line":13,"column":44}},"10":{"start":{"line":15,"column":0},"end":{"line":15,"column":77}},"11":{"start":{"line":16,"column":0},"end":{"line":16,"column":76}},"12":{"start":{"line":17,"column":0},"end":{"line":17,"column":79}},"13":{"start":{"line":18,"column":0},"end":{"line":18,"column":79}},"14":{"start":{"line":19,"column":0},"end":{"line":19,"column":37}},"15":{"start":{"line":21,"column":0},"end":{"line":21,"column":23}}},"fnMap":{},"branchMap":{},"s":{"0":4,"1":4,"2":4,"3":4,"4":4,"5":4,"6":4,"7":4,"8":4,"9":4,"10":4,"11":4,"12":4,"13":4,"14":4,"15":4},"f":{},"b":{},"_coverageSchema":"1a1c01bbd47fc00a2c39e90264f33305004495a9","hash":"4d1ffa654e401ca83a18005b95663b264a6173a0"}
,"D:\\DATA LAIN LAIN\\TELKOM TES\\todoApi\\routes\\UserRouter.js": {"path":"D:\\DATA LAIN LAIN\\TELKOM TES\\todoApi\\routes\\UserRouter.js","statementMap":{"0":{"start":{"line":1,"column":16},"end":{"line":1,"column":34}},"1":{"start":{"line":2,"column":15},"end":{"line":2,"column":31}},"2":{"start":{"line":3,"column":23},"end":{"line":3,"column":62}},"3":{"start":{"line":4,"column":22},"end":{"line":4,"column":60}},"4":{"start":{"line":5,"column":22},"end":{"line":5,"column":42}},"5":{"start":{"line":6,"column":132},"end":{"line":6,"column":163}},"6":{"start":{"line":8,"column":13},"end":{"line":8,"column":33}},"7":{"start":{"line":10,"column":0},"end":{"line":10,"column":84}},"8":{"start":{"line":11,"column":0},"end":{"line":11,"column":87}},"9":{"start":{"line":12,"column":0},"end":{"line":12,"column":90}},"10":{"start":{"line":13,"column":0},"end":{"line":13,"column":89}},"11":{"start":{"line":14,"column":0},"end":{"line":14,"column":112}},"12":{"start":{"line":15,"column":0},"end":{"line":15,"column":23}}},"fnMap":{},"branchMap":{},"s":{"0":4,"1":4,"2":4,"3":4,"4":4,"5":4,"6":4,"7":4,"8":4,"9":4,"10":4,"11":4,"12":4},"f":{},"b":{},"_coverageSchema":"1a1c01bbd47fc00a2c39e90264f33305004495a9","hash":"da930a42043e73501ff1213e721c78fbb55ecec6"}
,"D:\\DATA LAIN LAIN\\TELKOM TES\\todoApi\\routes\\authRouter.js": {"path":"D:\\DATA LAIN LAIN\\TELKOM TES\\todoApi\\routes\\authRouter.js","statementMap":{"0":{"start":{"line":1,"column":16},"end":{"line":1,"column":34}},"1":{"start":{"line":2,"column":15},"end":{"line":2,"column":31}},"2":{"start":{"line":3,"column":23},"end":{"line":3,"column":62}},"3":{"start":{"line":4,"column":22},"end":{"line":4,"column":42}},"4":{"start":{"line":5,"column":29},"end":{"line":5,"column":60}},"5":{"start":{"line":7,"column":13},"end":{"line":7,"column":33}},"6":{"start":{"line":10,"column":0},"end":{"line":10,"column":73}},"7":{"start":{"line":12,"column":0},"end":{"line":12,"column":23}}},"fnMap":{},"branchMap":{},"s":{"0":4,"1":4,"2":4,"3":4,"4":4,"5":4,"6":4,"7":4},"f":{},"b":{},"_coverageSchema":"1a1c01bbd47fc00a2c39e90264f33305004495a9","hash":"70eb956a5d0303a4f1ce468bb474885e89580342"}
,"D:\\DATA LAIN LAIN\\TELKOM TES\\todoApi\\routes\\index.js": {"path":"D:\\DATA LAIN LAIN\\TELKOM TES\\todoApi\\routes\\index.js","statementMap":{"0":{"start":{"line":1,"column":19},"end":{"line":1,"column":37}},"1":{"start":{"line":3,"column":15},"end":{"line":3,"column":23}},"2":{"start":{"line":5,"column":0},"end":{"line":5,"column":45}},"3":{"start":{"line":6,"column":0},"end":{"line":6,"column":45}},"4":{"start":{"line":7,"column":0},"end":{"line":7,"column":45}},"5":{"start":{"line":9,"column":0},"end":{"line":9,"column":24}}},"fnMap":{},"branchMap":{},"s":{"0":4,"1":4,"2":4,"3":4,"4":4,"5":4},"f":{},"b":{},"_coverageSchema":"1a1c01bbd47fc00a2c39e90264f33305004495a9","hash":"5d5ae8a4fe1a8fee5a4747106a0215530260fa91"}
,"D:\\DATA LAIN LAIN\\TELKOM TES\\todoApi\\schema\\AuthSchema.js": {"path":"D:\\DATA LAIN LAIN\\TELKOM TES\\todoApi\\schema\\AuthSchema.js","statementMap":{"0":{"start":{"line":1,"column":16},"end":{"line":1,"column":36}},"1":{"start":{"line":3,"column":25},"end":{"line":6,"column":16}},"2":{"start":{"line":8,"column":0},"end":{"line":8,"column":37}}},"fnMap":{},"branchMap":{},"s":{"0":4,"1":4,"2":4},"f":{},"b":{},"_coverageSchema":"1a1c01bbd47fc00a2c39e90264f33305004495a9","hash":"06dca74541411daa9f166fa7f235309ba7e79ade"}
,"D:\\DATA LAIN LAIN\\TELKOM TES\\todoApi\\schema\\TodoSchema.js": {"path":"D:\\DATA LAIN LAIN\\TELKOM TES\\todoApi\\schema\\TodoSchema.js","statementMap":{"0":{"start":{"line":1,"column":16},"end":{"line":1,"column":36}},"1":{"start":{"line":3,"column":31},"end":{"line":7,"column":16}},"2":{"start":{"line":9,"column":31},"end":{"line":15,"column":16}},"3":{"start":{"line":17,"column":31},"end":{"line":23,"column":16}},"4":{"start":{"line":25,"column":31},"end":{"line":28,"column":16}},"5":{"start":{"line":30,"column":0},"end":{"line":30,"column":115}}},"fnMap":{},"branchMap":{},"s":{"0":4,"1":4,"2":4,"3":4,"4":4,"5":4},"f":{},"b":{},"_coverageSchema":"1a1c01bbd47fc00a2c39e90264f33305004495a9","hash":"0025a3e7363db0d3948692b95d02861306fe2d78"}
,"D:\\DATA LAIN LAIN\\TELKOM TES\\todoApi\\schema\\UserSchema.js": {"path":"D:\\DATA LAIN LAIN\\TELKOM TES\\todoApi\\schema\\UserSchema.js","statementMap":{"0":{"start":{"line":1,"column":16},"end":{"line":1,"column":36}},"1":{"start":{"line":3,"column":30},"end":{"line":7,"column":16}},"2":{"start":{"line":9,"column":31},"end":{"line":12,"column":16}},"3":{"start":{"line":14,"column":31},"end":{"line":17,"column":16}},"4":{"start":{"line":19,"column":30},"end":{"line":21,"column":16}},"5":{"start":{"line":23,"column":34},"end":{"line":26,"column":16}},"6":{"start":{"line":28,"column":0},"end":{"line":28,"column":140}}},"fnMap":{},"branchMap":{},"s":{"0":4,"1":4,"2":4,"3":4,"4":4,"5":4,"6":4},"f":{},"b":{},"_coverageSchema":"1a1c01bbd47fc00a2c39e90264f33305004495a9","hash":"8bc4a2ad8a620df861406473014dd407edab354d"}
,"D:\\DATA LAIN LAIN\\TELKOM TES\\todoApi\\test\\db-handler.js": {"path":"D:\\DATA LAIN LAIN\\TELKOM TES\\todoApi\\test\\db-handler.js","statementMap":{"0":{"start":{"line":1,"column":17},"end":{"line":1,"column":36}},"1":{"start":{"line":6,"column":0},"end":{"line":17,"column":2}},"2":{"start":{"line":7,"column":16},"end":{"line":7,"column":50}},"3":{"start":{"line":9,"column":25},"end":{"line":14,"column":5}},"4":{"start":{"line":15,"column":4},"end":{"line":15,"column":32}},"5":{"start":{"line":16,"column":4},"end":{"line":16,"column":46}},"6":{"start":{"line":22,"column":0},"end":{"line":25,"column":2}},"7":{"start":{"line":23,"column":4},"end":{"line":23,"column":45}},"8":{"start":{"line":24,"column":4},"end":{"line":24,"column":38}},"9":{"start":{"line":30,"column":0},"end":{"line":37,"column":2}},"10":{"start":{"line":31,"column":24},"end":{"line":31,"column":55}},"11":{"start":{"line":33,"column":4},"end":{"line":36,"column":5}},"12":{"start":{"line":34,"column":27},"end":{"line":34,"column":43}},"13":{"start":{"line":35,"column":8},"end":{"line":35,"column":38}}},"fnMap":{"0":{"name":"(anonymous_0)","decl":{"start":{"line":6,"column":25},"end":{"line":6,"column":26}},"loc":{"start":{"line":6,"column":37},"end":{"line":17,"column":1}},"line":6},"1":{"name":"(anonymous_1)","decl":{"start":{"line":22,"column":31},"end":{"line":22,"column":32}},"loc":{"start":{"line":22,"column":43},"end":{"line":25,"column":1}},"line":22},"2":{"name":"(anonymous_2)","decl":{"start":{"line":30,"column":31},"end":{"line":30,"column":32}},"loc":{"start":{"line":30,"column":43},"end":{"line":37,"column":1}},"line":30}},"branchMap":{},"s":{"0":4,"1":4,"2":4,"3":4,"4":4,"5":4,"6":4,"7":4,"8":4,"9":4,"10":10,"11":10,"12":20,"13":20},"f":{"0":4,"1":4,"2":10},"b":{},"_coverageSchema":"1a1c01bbd47fc00a2c39e90264f33305004495a9","hash":"9ef8125b819c5289da89c25d2d8e19525994c1c3"}
}
