TN:
SF:app.js
FN:28,(anonymous_0)
FN:33,(anonymous_1)
FNF:2
FNH:1
FNDA:1,(anonymous_0)
FNDA:0,(anonymous_1)
DA:1,4
DA:2,4
DA:3,4
DA:4,4
DA:5,4
DA:6,4
DA:7,4
DA:9,4
DA:11,4
DA:13,4
DA:15,4
DA:16,4
DA:23,4
DA:24,4
DA:26,4
DA:27,4
DA:28,4
DA:30,4
DA:33,4
DA:34,0
DA:49,4
DA:51,4
LF:22
LH:21
BRF:0
BRH:0
end_of_record
TN:
SF:controller\AuthController.js
FN:5,(anonymous_0)
FN:32,(anonymous_1)
FNF:2
FNH:2
FNDA:6,(anonymous_0)
FNDA:16,(anonymous_1)
DA:1,4
DA:2,4
DA:3,4
DA:6,6
DA:7,6
DA:8,6
DA:9,6
DA:10,1
DA:13,5
DA:14,5
DA:15,4
DA:21,4
DA:24,1
DA:28,0
DA:33,16
DA:34,16
DA:35,16
DA:36,16
DA:37,16
DA:39,0
DA:44,4
LF:21
LH:19
BRDA:9,0,0,1
BRDA:9,0,1,5
BRDA:14,1,0,4
BRDA:14,1,1,1
BRF:4
BRH:4
end_of_record
TN:
SF:controller\TodoController.js
FN:3,(anonymous_0)
FN:13,(anonymous_1)
FN:26,(anonymous_2)
FN:43,(anonymous_3)
FN:61,(anonymous_4)
FNF:5
FNH:5
FNDA:2,(anonymous_0)
FNDA:2,(anonymous_1)
FNDA:4,(anonymous_2)
FNDA:4,(anonymous_3)
FNDA:4,(anonymous_4)
DA:1,4
DA:4,2
DA:5,2
DA:6,2
DA:7,2
DA:9,0
DA:14,2
DA:15,2
DA:16,2
DA:17,2
DA:18,0
DA:20,2
DA:22,0
DA:27,4
DA:28,4
DA:29,4
DA:30,3
DA:31,1
DA:33,2
DA:34,2
DA:35,1
DA:37,1
DA:39,1
DA:44,4
DA:45,4
DA:46,4
DA:47,3
DA:48,1
DA:50,2
DA:51,2
DA:52,1
DA:54,1
DA:55,1
DA:57,1
DA:62,4
DA:63,4
DA:64,4
DA:65,3
DA:66,1
DA:68,2
DA:69,2
DA:70,1
DA:72,1
DA:74,1
DA:79,4
LF:45
LH:42
BRDA:17,0,0,0
BRDA:17,0,1,2
BRDA:30,1,0,1
BRDA:30,1,1,2
BRDA:34,2,0,1
BRDA:34,2,1,1
BRDA:47,3,0,1
BRDA:47,3,1,2
BRDA:51,4,0,1
BRDA:51,4,1,1
BRDA:65,5,0,1
BRDA:65,5,1,2
BRDA:69,6,0,1
BRDA:69,6,1,1
BRF:14
BRH:13
end_of_record
TN:
SF:controller\UserController.js
FN:5,(anonymous_0)
FN:28,(anonymous_1)
FN:37,(anonymous_2)
FN:52,(anonymous_3)
FN:70,(anonymous_4)
FNF:5
FNH:5
FNDA:9,(anonymous_0)
FNDA:2,(anonymous_1)
FNDA:4,(anonymous_2)
FNDA:4,(anonymous_3)
FNDA:5,(anonymous_4)
DA:1,4
DA:2,4
DA:3,4
DA:6,9
DA:7,9
DA:8,9
DA:9,9
DA:10,1
DA:11,1
DA:14,8
DA:15,8
DA:16,8
DA:17,8
DA:18,8
DA:20,0
DA:24,0
DA:29,2
DA:30,2
DA:31,2
DA:33,0
DA:38,4
DA:39,4
DA:40,3
DA:41,1
DA:43,2
DA:44,1
DA:46,1
DA:48,1
DA:53,4
DA:54,4
DA:55,4
DA:56,3
DA:57,1
DA:59,2
DA:60,1
DA:62,1
DA:63,1
DA:64,1
DA:66,1
DA:71,5
DA:72,5
DA:73,5
DA:74,4
DA:75,1
DA:77,3
DA:78,1
DA:80,2
DA:81,2
DA:83,1
DA:84,1
DA:85,1
DA:86,1
DA:88,1
DA:91,1
DA:97,4
LF:55
LH:52
BRDA:9,0,0,1
BRDA:9,0,1,8
BRDA:15,1,0,8
BRDA:15,1,1,0
BRDA:40,2,0,1
BRDA:40,2,1,2
BRDA:43,3,0,1
BRDA:43,3,1,1
BRDA:56,4,0,1
BRDA:56,4,1,2
BRDA:59,5,0,1
BRDA:59,5,1,1
BRDA:74,6,0,1
BRDA:74,6,1,3
BRDA:77,7,0,1
BRDA:77,7,1,2
BRDA:81,8,0,1
BRDA:81,8,1,1
BRF:18
BRH:17
end_of_record
TN:
SF:helper\jwtUtil.js
FN:4,(anonymous_0)
FN:15,(anonymous_1)
FNF:2
FNH:2
FNDA:32,(anonymous_0)
FNDA:4,(anonymous_1)
DA:1,4
DA:2,4
DA:4,4
DA:5,32
DA:6,32
DA:8,31
DA:9,31
DA:11,1
DA:15,4
DA:16,4
DA:17,4
DA:22,4
LF:12
LH:12
BRF:0
BRH:0
end_of_record
TN:
SF:middleware\RequestFilter.js
FN:4,(anonymous_0)
FN:9,(anonymous_1)
FNF:2
FNH:2
FNDA:32,(anonymous_0)
FNDA:33,(anonymous_1)
DA:1,4
DA:2,4
DA:4,4
DA:5,32
DA:9,4
DA:11,33
DA:12,32
DA:13,1
DA:14,0
DA:17,33
DA:18,32
DA:19,31
DA:20,31
DA:21,31
DA:22,0
DA:24,31
DA:27,1
DA:30,1
DA:34,4
LF:19
LH:17
BRDA:11,0,0,32
BRDA:11,0,1,1
BRDA:13,1,0,0
BRDA:13,1,1,1
BRDA:17,2,0,32
BRDA:17,2,1,1
BRDA:18,3,0,31
BRDA:18,3,1,1
BRDA:21,4,0,0
BRDA:21,4,1,31
BRF:10
BRH:8
end_of_record
TN:
SF:model\Todo.js
FNF:0
FNH:0
DA:1,4
DA:2,4
DA:3,4
DA:5,4
DA:30,4
LF:5
LH:5
BRF:0
BRH:0
end_of_record
TN:
SF:model\User.js
FNF:0
FNH:0
DA:1,4
DA:3,4
DA:5,4
DA:20,4
LF:4
LH:4
BRF:0
BRH:0
end_of_record
TN:
SF:routes\TodoRouter.js
FNF:0
FNH:0
DA:1,4
DA:2,4
DA:3,4
DA:4,4
DA:5,4
DA:6,4
DA:7,4
DA:9,4
DA:10,4
DA:13,4
DA:15,4
DA:16,4
DA:17,4
DA:18,4
DA:19,4
DA:21,4
LF:16
LH:16
BRF:0
BRH:0
end_of_record
TN:
SF:routes\UserRouter.js
FNF:0
FNH:0
DA:1,4
DA:2,4
DA:3,4
DA:4,4
DA:5,4
DA:6,4
DA:8,4
DA:10,4
DA:11,4
DA:12,4
DA:13,4
DA:14,4
DA:15,4
LF:13
LH:13
BRF:0
BRH:0
end_of_record
TN:
SF:routes\authRouter.js
FNF:0
FNH:0
DA:1,4
DA:2,4
DA:3,4
DA:4,4
DA:5,4
DA:7,4
DA:10,4
DA:12,4
LF:8
LH:8
BRF:0
BRH:0
end_of_record
TN:
SF:routes\index.js
FNF:0
FNH:0
DA:1,4
DA:3,4
DA:5,4
DA:6,4
DA:7,4
DA:9,4
LF:6
LH:6
BRF:0
BRH:0
end_of_record
TN:
SF:schema\AuthSchema.js
FNF:0
FNH:0
DA:1,4
DA:3,4
DA:8,4
LF:3
LH:3
BRF:0
BRH:0
end_of_record
TN:
SF:schema\TodoSchema.js
FNF:0
FNH:0
DA:1,4
DA:3,4
DA:9,4
DA:17,4
DA:25,4
DA:30,4
LF:6
LH:6
BRF:0
BRH:0
end_of_record
TN:
SF:schema\UserSchema.js
FNF:0
FNH:0
DA:1,4
DA:3,4
DA:9,4
DA:14,4
DA:19,4
DA:23,4
DA:28,4
LF:7
LH:7
BRF:0
BRH:0
end_of_record
TN:
SF:test\db-handler.js
FN:6,(anonymous_0)
FN:22,(anonymous_1)
FN:30,(anonymous_2)
FNF:3
FNH:3
FNDA:4,(anonymous_0)
FNDA:4,(anonymous_1)
FNDA:10,(anonymous_2)
DA:1,4
DA:6,4
DA:7,4
DA:9,4
DA:15,4
DA:16,4
DA:22,4
DA:23,4
DA:24,4
DA:30,4
DA:31,10
DA:33,10
DA:34,20
DA:35,20
LF:14
LH:14
BRF:0
BRH:0
end_of_record
